## Footprint report - date Wed Apr 26 15:41:30 2023
## Created by Pcbnew version kicad 5.1.9+dfsg1-1~bpo10+1
## Unit = mm, Angle = deg.

$BeginDESCRIPTION

$BOARD
upper_left_corner 43.807857 85.482500
lower_right_corner 255.028335 170.692501
$EndBOARD

$MODULE "S1"
reference "S1"
value "SSAJ110100"
footprint "For_SeeedStudio:SW_SSAJ110100"
attribut smd
position 85.000000 100.000000  orientation 180.00
layer front
$PAD "None"
Shape Circle Layer both
position  1.500000  0.000000  size  0.800000  0.800000  orientation 0.00
drill  0.800000
shape_offset  0.000000  0.000000
$EndPAD
$PAD "None"
Shape Circle Layer both
position -1.500000  0.000000  size  0.800000  0.800000  orientation 0.00
drill  0.800000
shape_offset  0.000000  0.000000
$EndPAD
$PAD "S2"
Shape Rect Layer front
position -3.000000  0.075000  size  0.900000  0.700000  orientation 0.00
drill  0.000000
shape_offset  0.000000  0.000000
$EndPAD
$PAD "S1"
Shape Rect Layer front
position  3.000000  0.075000  size  0.900000  0.700000  orientation 0.00
drill  0.000000
shape_offset  0.000000  0.000000
$EndPAD
$PAD "1"
Shape Rect Layer front
position -1.000000 -1.280000  size  0.600000  0.510000  orientation 0.00
drill  0.000000
shape_offset  0.000000  0.000000
$EndPAD
$PAD "C"
Shape Rect Layer front
position  0.000000 -1.280000  size  0.600000  0.510000  orientation 0.00
drill  0.000000
shape_offset  0.000000  0.000000
$EndPAD
$PAD "2"
Shape Rect Layer front
position  1.000000 -1.280000  size  0.600000  0.510000  orientation 0.00
drill  0.000000
shape_offset  0.000000  0.000000
$EndPAD
$EndMODULE  S1

$MODULE "C16"
reference "C16"
value "1 uF"
footprint "Capacitor_SMD:C_0603_1608Metric"
attribut smd
position 86.620000 109.100000  orientation 90.00
layer front
$PAD "2"
Shape Roundrect Layer front
position  0.775000  0.000000  size  0.900000  0.950000  orientation 0.00
drill  0.000000
shape_offset  0.000000  0.000000
$EndPAD
$PAD "1"
Shape Roundrect Layer front
position -0.775000  0.000000  size  0.900000  0.950000  orientation 0.00
drill  0.000000
shape_offset  0.000000  0.000000
$EndPAD
$EndMODULE  C16

$MODULE "X1"
reference "X1"
value "CXO_DIP8+14"
footprint "For_SeeedStudio:CXO_DIP8+14"
attribut none
position 59.000000 151.500000  orientation 0.00
layer front
$PAD "EN1"
Shape Roundrect Layer both
position  7.620000  0.000000  size  1.600000  1.600000  orientation 0.00
drill  0.800000
shape_offset  0.000000  0.000000
$EndPAD
$PAD "Vcc"
Shape Circle Layer both
position  7.620000 -7.620000  size  1.600000  1.600000  orientation 0.00
drill  0.800000
shape_offset  0.000000  0.000000
$EndPAD
$PAD "GND"
Shape Circle Layer both
position 15.240000  0.000000  size  1.600000  1.600000  orientation 0.00
drill  0.800000
shape_offset  0.000000  0.000000
$EndPAD
$PAD "OUT"
Shape Circle Layer both
position 15.240000 -7.620000  size  1.600000  1.600000  orientation 0.00
drill  0.800000
shape_offset  0.000000  0.000000
$EndPAD
$PAD "Vcc"
Shape Circle Layer both
position  0.000000 -7.620000  size  1.600000  1.600000  orientation 0.00
drill  0.800000
shape_offset  0.000000  0.000000
$EndPAD
$PAD "EN2"
Shape Rect Layer both
position  0.000000  0.000000  size  1.600000  1.600000  orientation 0.00
drill  0.800000
shape_offset  0.000000  0.000000
$EndPAD
$EndMODULE  X1

$MODULE "C15"
reference "C15"
value "10uF"
footprint "Capacitor_Tantalum_SMD:CP_EIA-3216-18_Kemet-A"
attribut smd
position 84.000000 150.150000  orientation 270.00
layer front
$PAD "2"
Shape Roundrect Layer front
position  1.350000  0.000000  size  1.400000  1.350000  orientation 0.00
drill  0.000000
shape_offset  0.000000  0.000000
$EndPAD
$PAD "1"
Shape Roundrect Layer front
position -1.350000  0.000000  size  1.400000  1.350000  orientation 0.00
drill  0.000000
shape_offset  0.000000  0.000000
$EndPAD
$EndMODULE  C15

$MODULE "U1"
reference "U1"
value "74LVC1G3157"
footprint "Package_TO_SOT_SMD:SOT-23-6"
attribut smd
position 74.500000 108.250000  orientation 0.00
layer front
$PAD "5"
Shape Rect Layer front
position  1.100000  0.000000  size  1.060000  0.650000  orientation 0.00
drill  0.000000
shape_offset  0.000000  0.000000
$EndPAD
$PAD "6"
Shape Rect Layer front
position  1.100000 -0.950000  size  1.060000  0.650000  orientation 0.00
drill  0.000000
shape_offset  0.000000  0.000000
$EndPAD
$PAD "4"
Shape Rect Layer front
position  1.100000  0.950000  size  1.060000  0.650000  orientation 0.00
drill  0.000000
shape_offset  0.000000  0.000000
$EndPAD
$PAD "3"
Shape Rect Layer front
position -1.100000  0.950000  size  1.060000  0.650000  orientation 0.00
drill  0.000000
shape_offset  0.000000  0.000000
$EndPAD
$PAD "2"
Shape Rect Layer front
position -1.100000  0.000000  size  1.060000  0.650000  orientation 0.00
drill  0.000000
shape_offset  0.000000  0.000000
$EndPAD
$PAD "1"
Shape Rect Layer front
position -1.100000 -0.950000  size  1.060000  0.650000  orientation 0.00
drill  0.000000
shape_offset  0.000000  0.000000
$EndPAD
$EndMODULE  U1

$MODULE "R5"
reference "R5"
value "10k"
footprint "Resistor_SMD:R_0603_1608Metric"
attribut smd
position 86.816000 103.250000  orientation 180.00
layer front
$PAD "2"
Shape Roundrect Layer front
position  0.825000  0.000000  size  0.800000  0.950000  orientation 0.00
drill  0.000000
shape_offset  0.000000  0.000000
$EndPAD
$PAD "1"
Shape Roundrect Layer front
position -0.825000  0.000000  size  0.800000  0.950000  orientation 0.00
drill  0.000000
shape_offset  0.000000  0.000000
$EndPAD
$EndMODULE  R5

$MODULE "R4"
reference "R4"
value "10k"
footprint "Resistor_SMD:R_0603_1608Metric"
attribut smd
position 83.175000 103.250000  orientation 0.00
layer front
$PAD "2"
Shape Roundrect Layer front
position  0.825000  0.000000  size  0.800000  0.950000  orientation 0.00
drill  0.000000
shape_offset  0.000000  0.000000
$EndPAD
$PAD "1"
Shape Roundrect Layer front
position -0.825000  0.000000  size  0.800000  0.950000  orientation 0.00
drill  0.000000
shape_offset  0.000000  0.000000
$EndPAD
$EndMODULE  R4

$MODULE "C14"
reference "C14"
value "100 nF"
footprint "Capacitor_SMD:C_0603_1608Metric"
attribut smd
position 79.000000 107.475000  orientation 90.00
layer front
$PAD "2"
Shape Roundrect Layer front
position  0.775000  0.000000  size  0.900000  0.950000  orientation 0.00
drill  0.000000
shape_offset  0.000000  0.000000
$EndPAD
$PAD "1"
Shape Roundrect Layer front
position -0.775000  0.000000  size  0.900000  0.950000  orientation 0.00
drill  0.000000
shape_offset  0.000000  0.000000
$EndPAD
$EndMODULE  C14

$MODULE "C7"
reference "C7"
value "100 nF"
footprint "Capacitor_SMD:C_0603_1608Metric"
attribut smd
position 87.395000 142.763000  orientation 0.00
layer front
$PAD "2"
Shape Roundrect Layer front
position  0.775000  0.000000  size  0.900000  0.950000  orientation 0.00
drill  0.000000
shape_offset  0.000000  0.000000
$EndPAD
$PAD "1"
Shape Roundrect Layer front
position -0.775000  0.000000  size  0.900000  0.950000  orientation 0.00
drill  0.000000
shape_offset  0.000000  0.000000
$EndPAD
$EndMODULE  C7

$MODULE "C4"
reference "C4"
value "100 nF"
footprint "Capacitor_SMD:C_0603_1608Metric"
attribut smd
position 96.285000 123.710000  orientation 0.00
layer front
$PAD "2"
Shape Roundrect Layer front
position  0.775000  0.000000  size  0.900000  0.950000  orientation 0.00
drill  0.000000
shape_offset  0.000000  0.000000
$EndPAD
$PAD "1"
Shape Roundrect Layer front
position -0.775000  0.000000  size  0.900000  0.950000  orientation 0.00
drill  0.000000
shape_offset  0.000000  0.000000
$EndPAD
$EndMODULE  C4

$MODULE "C3"
reference "C3"
value "100 nF"
footprint "Capacitor_SMD:C_0603_1608Metric"
attribut smd
position 84.080000 109.100000  orientation 90.00
layer front
$PAD "2"
Shape Roundrect Layer front
position  0.775000  0.000000  size  0.900000  0.950000  orientation 0.00
drill  0.000000
shape_offset  0.000000  0.000000
$EndPAD
$PAD "1"
Shape Roundrect Layer front
position -0.775000  0.000000  size  0.900000  0.950000  orientation 0.00
drill  0.000000
shape_offset  0.000000  0.000000
$EndPAD
$EndMODULE  C3

$MODULE "C2"
reference "C2"
value "100 nF"
footprint "Capacitor_SMD:C_0603_1608Metric"
attribut smd
position 61.695000 123.710000  orientation 180.00
layer front
$PAD "2"
Shape Roundrect Layer front
position  0.775000  0.000000  size  0.900000  0.950000  orientation 0.00
drill  0.000000
shape_offset  0.000000  0.000000
$EndPAD
$PAD "1"
Shape Roundrect Layer front
position -0.775000  0.000000  size  0.900000  0.950000  orientation 0.00
drill  0.000000
shape_offset  0.000000  0.000000
$EndPAD
$EndMODULE  C2

$MODULE "C1"
reference "C1"
value "100 nF"
footprint "Capacitor_SMD:C_0603_1608Metric"
attribut smd
position 61.695000 133.870000  orientation 180.00
layer front
$PAD "2"
Shape Roundrect Layer front
position  0.775000  0.000000  size  0.900000  0.950000  orientation 0.00
drill  0.000000
shape_offset  0.000000  0.000000
$EndPAD
$PAD "1"
Shape Roundrect Layer front
position -0.775000  0.000000  size  0.900000  0.950000  orientation 0.00
drill  0.000000
shape_offset  0.000000  0.000000
$EndPAD
$EndMODULE  C1

$MODULE "J2"
reference "J2"
value "MC68882_PGA"
footprint "For_SeeedStudio:MC68882_PGA"
attribut none
position 79.000000 126.250000  orientation 180.00
layer front
$PAD "A10"
Shape Circle Layer both
position -11.430000 11.430000  size  1.524000  1.524000  orientation 0.00
drill  0.762000
shape_offset  0.000000  0.000000
$EndPAD
$PAD "A9"
Shape Circle Layer both
position -8.890000 11.430000  size  1.524000  1.524000  orientation 0.00
drill  0.762000
shape_offset  0.000000  0.000000
$EndPAD
$PAD "A8"
Shape Circle Layer both
position -6.350000 11.430000  size  1.524000  1.524000  orientation 0.00
drill  0.762000
shape_offset  0.000000  0.000000
$EndPAD
$PAD "A7"
Shape Circle Layer both
position -3.810000 11.430000  size  1.524000  1.524000  orientation 0.00
drill  0.762000
shape_offset  0.000000  0.000000
$EndPAD
$PAD "A6"
Shape Circle Layer both
position -1.270000 11.430000  size  1.524000  1.524000  orientation 0.00
drill  0.762000
shape_offset  0.000000  0.000000
$EndPAD
$PAD "A5"
Shape Circle Layer both
position  1.270000 11.430000  size  1.524000  1.524000  orientation 0.00
drill  0.762000
shape_offset  0.000000  0.000000
$EndPAD
$PAD "A4"
Shape Circle Layer both
position  3.810000 11.430000  size  1.524000  1.524000  orientation 0.00
drill  0.762000
shape_offset  0.000000  0.000000
$EndPAD
$PAD "A3"
Shape Circle Layer both
position  6.350000 11.430000  size  1.524000  1.524000  orientation 0.00
drill  0.762000
shape_offset  0.000000  0.000000
$EndPAD
$PAD "A2"
Shape Circle Layer both
position  8.890000 11.430000  size  1.524000  1.524000  orientation 0.00
drill  0.762000
shape_offset  0.000000  0.000000
$EndPAD
$PAD "A1"
Shape Rect Layer both
position 11.430000 11.430000  size  1.524000  1.524000  orientation 0.00
drill  0.762000
shape_offset  0.000000  0.000000
$EndPAD
$PAD "B10"
Shape Circle Layer both
position -11.430000  8.890000  size  1.524000  1.524000  orientation 0.00
drill  0.762000
shape_offset  0.000000  0.000000
$EndPAD
$PAD "B9"
Shape Circle Layer both
position -8.890000  8.890000  size  1.524000  1.524000  orientation 0.00
drill  0.762000
shape_offset  0.000000  0.000000
$EndPAD
$PAD "B8"
Shape Circle Layer both
position -6.350000  8.890000  size  1.524000  1.524000  orientation 0.00
drill  0.762000
shape_offset  0.000000  0.000000
$EndPAD
$PAD "B7"
Shape Circle Layer both
position -3.810000  8.890000  size  1.524000  1.524000  orientation 0.00
drill  0.762000
shape_offset  0.000000  0.000000
$EndPAD
$PAD "B6"
Shape Circle Layer both
position -1.270000  8.890000  size  1.524000  1.524000  orientation 0.00
drill  0.762000
shape_offset  0.000000  0.000000
$EndPAD
$PAD "B5"
Shape Circle Layer both
position  1.270000  8.890000  size  1.524000  1.524000  orientation 0.00
drill  0.762000
shape_offset  0.000000  0.000000
$EndPAD
$PAD "B4"
Shape Circle Layer both
position  3.810000  8.890000  size  1.524000  1.524000  orientation 0.00
drill  0.762000
shape_offset  0.000000  0.000000
$EndPAD
$PAD "B3"
Shape Circle Layer both
position  6.350000  8.890000  size  1.524000  1.524000  orientation 0.00
drill  0.762000
shape_offset  0.000000  0.000000
$EndPAD
$PAD "B2"
Shape Circle Layer both
position  8.890000  8.890000  size  1.524000  1.524000  orientation 0.00
drill  0.762000
shape_offset  0.000000  0.000000
$EndPAD
$PAD "B1"
Shape Circle Layer both
position 11.430000  8.890000  size  1.524000  1.524000  orientation 0.00
drill  0.762000
shape_offset  0.000000  0.000000
$EndPAD
$PAD "C10"
Shape Circle Layer both
position -11.430000  6.350000  size  1.524000  1.524000  orientation 0.00
drill  0.762000
shape_offset  0.000000  0.000000
$EndPAD
$PAD "C9"
Shape Circle Layer both
position -8.890000  6.350000  size  1.524000  1.524000  orientation 0.00
drill  0.762000
shape_offset  0.000000  0.000000
$EndPAD
$PAD "C8"
Shape Circle Layer both
position -6.350000  6.350000  size  1.524000  1.524000  orientation 0.00
drill  0.762000
shape_offset  0.000000  0.000000
$EndPAD
$PAD "C3"
Shape Circle Layer both
position  6.350000  6.350000  size  1.524000  1.524000  orientation 0.00
drill  0.762000
shape_offset  0.000000  0.000000
$EndPAD
$PAD "C2"
Shape Circle Layer both
position  8.890000  6.350000  size  1.524000  1.524000  orientation 0.00
drill  0.762000
shape_offset  0.000000  0.000000
$EndPAD
$PAD "C1"
Shape Circle Layer both
position 11.430000  6.350000  size  1.524000  1.524000  orientation 0.00
drill  0.762000
shape_offset  0.000000  0.000000
$EndPAD
$PAD "D10"
Shape Circle Layer both
position -11.430000  3.810000  size  1.524000  1.524000  orientation 0.00
drill  0.762000
shape_offset  0.000000  0.000000
$EndPAD
$PAD "D9"
Shape Circle Layer both
position -8.890000  3.810000  size  1.524000  1.524000  orientation 0.00
drill  0.762000
shape_offset  0.000000  0.000000
$EndPAD
$PAD "D2"
Shape Circle Layer both
position  8.890000  3.810000  size  1.524000  1.524000  orientation 0.00
drill  0.762000
shape_offset  0.000000  0.000000
$EndPAD
$PAD "D1"
Shape Circle Layer both
position 11.430000  3.810000  size  1.524000  1.524000  orientation 0.00
drill  0.762000
shape_offset  0.000000  0.000000
$EndPAD
$PAD "E10"
Shape Circle Layer both
position -11.430000  1.270000  size  1.524000  1.524000  orientation 0.00
drill  0.762000
shape_offset  0.000000  0.000000
$EndPAD
$PAD "E9"
Shape Circle Layer both
position -8.890000  1.270000  size  1.524000  1.524000  orientation 0.00
drill  0.762000
shape_offset  0.000000  0.000000
$EndPAD
$PAD "E2"
Shape Circle Layer both
position  8.890000  1.270000  size  1.524000  1.524000  orientation 0.00
drill  0.762000
shape_offset  0.000000  0.000000
$EndPAD
$PAD "E1"
Shape Circle Layer both
position 11.430000  1.270000  size  1.524000  1.524000  orientation 0.00
drill  0.762000
shape_offset  0.000000  0.000000
$EndPAD
$PAD "F10"
Shape Circle Layer both
position -11.430000 -1.270000  size  1.524000  1.524000  orientation 0.00
drill  0.762000
shape_offset  0.000000  0.000000
$EndPAD
$PAD "F9"
Shape Circle Layer both
position -8.890000 -1.270000  size  1.524000  1.524000  orientation 0.00
drill  0.762000
shape_offset  0.000000  0.000000
$EndPAD
$PAD "F2"
Shape Circle Layer both
position  8.890000 -1.270000  size  1.524000  1.524000  orientation 0.00
drill  0.762000
shape_offset  0.000000  0.000000
$EndPAD
$PAD "F1"
Shape Circle Layer both
position 11.430000 -1.270000  size  1.524000  1.524000  orientation 0.00
drill  0.762000
shape_offset  0.000000  0.000000
$EndPAD
$PAD "G10"
Shape Circle Layer both
position -11.430000 -3.810000  size  1.524000  1.524000  orientation 0.00
drill  0.762000
shape_offset  0.000000  0.000000
$EndPAD
$PAD "G9"
Shape Circle Layer both
position -8.890000 -3.810000  size  1.524000  1.524000  orientation 0.00
drill  0.762000
shape_offset  0.000000  0.000000
$EndPAD
$PAD "G2"
Shape Circle Layer both
position  8.890000 -3.810000  size  1.524000  1.524000  orientation 0.00
drill  0.762000
shape_offset  0.000000  0.000000
$EndPAD
$PAD "G1"
Shape Circle Layer both
position 11.430000 -3.810000  size  1.524000  1.524000  orientation 0.00
drill  0.762000
shape_offset  0.000000  0.000000
$EndPAD
$PAD "H10"
Shape Circle Layer both
position -11.430000 -6.350000  size  1.524000  1.524000  orientation 0.00
drill  0.762000
shape_offset  0.000000  0.000000
$EndPAD
$PAD "H9"
Shape Circle Layer both
position -8.890000 -6.350000  size  1.524000  1.524000  orientation 0.00
drill  0.762000
shape_offset  0.000000  0.000000
$EndPAD
$PAD "H8"
Shape Circle Layer both
position -6.350000 -6.350000  size  1.524000  1.524000  orientation 0.00
drill  0.762000
shape_offset  0.000000  0.000000
$EndPAD
$PAD "H3"
Shape Circle Layer both
position  6.350000 -6.350000  size  1.524000  1.524000  orientation 0.00
drill  0.762000
shape_offset  0.000000  0.000000
$EndPAD
$PAD "H2"
Shape Circle Layer both
position  8.890000 -6.350000  size  1.524000  1.524000  orientation 0.00
drill  0.762000
shape_offset  0.000000  0.000000
$EndPAD
$PAD "H1"
Shape Circle Layer both
position 11.430000 -6.350000  size  1.524000  1.524000  orientation 0.00
drill  0.762000
shape_offset  0.000000  0.000000
$EndPAD
$PAD "J10"
Shape Circle Layer both
position -11.430000 -8.890000  size  1.524000  1.524000  orientation 0.00
drill  0.762000
shape_offset  0.000000  0.000000
$EndPAD
$PAD "J9"
Shape Circle Layer both
position -8.890000 -8.890000  size  1.524000  1.524000  orientation 0.00
drill  0.762000
shape_offset  0.000000  0.000000
$EndPAD
$PAD "J8"
Shape Circle Layer both
position -6.350000 -8.890000  size  1.524000  1.524000  orientation 0.00
drill  0.762000
shape_offset  0.000000  0.000000
$EndPAD
$PAD "J7"
Shape Circle Layer both
position -3.810000 -8.890000  size  1.524000  1.524000  orientation 0.00
drill  0.762000
shape_offset  0.000000  0.000000
$EndPAD
$PAD "J6"
Shape Circle Layer both
position -1.270000 -8.890000  size  1.524000  1.524000  orientation 0.00
drill  0.762000
shape_offset  0.000000  0.000000
$EndPAD
$PAD "J5"
Shape Circle Layer both
position  1.270000 -8.890000  size  1.524000  1.524000  orientation 0.00
drill  0.762000
shape_offset  0.000000  0.000000
$EndPAD
$PAD "J4"
Shape Circle Layer both
position  3.810000 -8.890000  size  1.524000  1.524000  orientation 0.00
drill  0.762000
shape_offset  0.000000  0.000000
$EndPAD
$PAD "J3"
Shape Circle Layer both
position  6.350000 -8.890000  size  1.524000  1.524000  orientation 0.00
drill  0.762000
shape_offset  0.000000  0.000000
$EndPAD
$PAD "J2"
Shape Circle Layer both
position  8.890000 -8.890000  size  1.524000  1.524000  orientation 0.00
drill  0.762000
shape_offset  0.000000  0.000000
$EndPAD
$PAD "J1"
Shape Circle Layer both
position 11.430000 -8.890000  size  1.524000  1.524000  orientation 0.00
drill  0.762000
shape_offset  0.000000  0.000000
$EndPAD
$PAD "K10"
Shape Circle Layer both
position -11.430000 -11.430000  size  1.524000  1.524000  orientation 0.00
drill  0.762000
shape_offset  0.000000  0.000000
$EndPAD
$PAD "K9"
Shape Circle Layer both
position -8.890000 -11.430000  size  1.524000  1.524000  orientation 0.00
drill  0.762000
shape_offset  0.000000  0.000000
$EndPAD
$PAD "K8"
Shape Circle Layer both
position -6.350000 -11.430000  size  1.524000  1.524000  orientation 0.00
drill  0.762000
shape_offset  0.000000  0.000000
$EndPAD
$PAD "K7"
Shape Circle Layer both
position -3.810000 -11.430000  size  1.524000  1.524000  orientation 0.00
drill  0.762000
shape_offset  0.000000  0.000000
$EndPAD
$PAD "K6"
Shape Circle Layer both
position -1.270000 -11.430000  size  1.524000  1.524000  orientation 0.00
drill  0.762000
shape_offset  0.000000  0.000000
$EndPAD
$PAD "K5"
Shape Circle Layer both
position  1.270000 -11.430000  size  1.524000  1.524000  orientation 0.00
drill  0.762000
shape_offset  0.000000  0.000000
$EndPAD
$PAD "K4"
Shape Circle Layer both
position  3.810000 -11.430000  size  1.524000  1.524000  orientation 0.00
drill  0.762000
shape_offset  0.000000  0.000000
$EndPAD
$PAD "K3"
Shape Circle Layer both
position  6.350000 -11.430000  size  1.524000  1.524000  orientation 0.00
drill  0.762000
shape_offset  0.000000  0.000000
$EndPAD
$PAD "K2"
Shape Circle Layer both
position  8.890000 -11.430000  size  1.524000  1.524000  orientation 0.00
drill  0.762000
shape_offset  0.000000  0.000000
$EndPAD
$PAD "K1"
Shape Circle Layer both
position 11.430000 -11.430000  size  1.524000  1.524000  orientation 0.00
drill  0.762000
shape_offset  0.000000  0.000000
$EndPAD
$EndMODULE  J2

$MODULE "C13"
reference "C13"
value "10uF"
footprint "Capacitor_Tantalum_SMD:CP_EIA-3216-18_Kemet-A"
attribut smd
position 61.120000 137.680000  orientation 180.00
layer front
$PAD "2"
Shape Roundrect Layer front
position  1.350000  0.000000  size  1.400000  1.350000  orientation 0.00
drill  0.000000
shape_offset  0.000000  0.000000
$EndPAD
$PAD "1"
Shape Roundrect Layer front
position -1.350000  0.000000  size  1.400000  1.350000  orientation 0.00
drill  0.000000
shape_offset  0.000000  0.000000
$EndPAD
$EndMODULE  C13

$MODULE "C8"
reference "C8"
value "1 uF"
footprint "Capacitor_SMD:C_0603_1608Metric"
attribut smd
position 83.305000 142.763000  orientation 180.00
layer front
$PAD "2"
Shape Roundrect Layer front
position  0.775000  0.000000  size  0.900000  0.950000  orientation 0.00
drill  0.000000
shape_offset  0.000000  0.000000
$EndPAD
$PAD "1"
Shape Roundrect Layer front
position -0.775000  0.000000  size  0.900000  0.950000  orientation 0.00
drill  0.000000
shape_offset  0.000000  0.000000
$EndPAD
$EndMODULE  C8

$MODULE "C12"
reference "C12"
value "10uF"
footprint "Capacitor_Tantalum_SMD:CP_EIA-3216-18_Kemet-A"
attribut smd
position 61.120000 114.820000  orientation 180.00
layer front
$PAD "2"
Shape Roundrect Layer front
position  1.350000  0.000000  size  1.400000  1.350000  orientation 0.00
drill  0.000000
shape_offset  0.000000  0.000000
$EndPAD
$PAD "1"
Shape Roundrect Layer front
position -1.350000  0.000000  size  1.400000  1.350000  orientation 0.00
drill  0.000000
shape_offset  0.000000  0.000000
$EndPAD
$EndMODULE  C12

$MODULE "C11"
reference "C11"
value "10uF"
footprint "Capacitor_Tantalum_SMD:CP_EIA-3216-18_Kemet-A"
attribut smd
position 96.860000 126.250000  orientation 0.00
layer front
$PAD "2"
Shape Roundrect Layer front
position  1.350000  0.000000  size  1.400000  1.350000  orientation 0.00
drill  0.000000
shape_offset  0.000000  0.000000
$EndPAD
$PAD "1"
Shape Roundrect Layer front
position -1.350000  0.000000  size  1.400000  1.350000  orientation 0.00
drill  0.000000
shape_offset  0.000000  0.000000
$EndPAD
$EndMODULE  C11

$MODULE "C10"
reference "C10"
value "10nF"
footprint "Capacitor_SMD:C_0603_1608Metric"
attribut smd
position 80.970000 150.725000  orientation 270.00
layer front
$PAD "2"
Shape Roundrect Layer front
position  0.775000  0.000000  size  0.900000  0.950000  orientation 0.00
drill  0.000000
shape_offset  0.000000  0.000000
$EndPAD
$PAD "1"
Shape Roundrect Layer front
position -0.775000  0.000000  size  0.900000  0.950000  orientation 0.00
drill  0.000000
shape_offset  0.000000  0.000000
$EndPAD
$EndMODULE  C10

$MODULE "C9"
reference "C9"
value "100nF"
footprint "Capacitor_SMD:C_0603_1608Metric"
attribut smd
position 78.970000 150.725000  orientation 270.00
layer front
$PAD "2"
Shape Roundrect Layer front
position  0.775000  0.000000  size  0.900000  0.950000  orientation 0.00
drill  0.000000
shape_offset  0.000000  0.000000
$EndPAD
$PAD "1"
Shape Roundrect Layer front
position -0.775000  0.000000  size  0.900000  0.950000  orientation 0.00
drill  0.000000
shape_offset  0.000000  0.000000
$EndPAD
$EndMODULE  C9

$MODULE "R2"
reference "R2"
value "0"
footprint "Resistor_SMD:R_0603_1608Metric"
attribut smd
position 61.645000 131.330000  orientation 180.00
layer front
$PAD "2"
Shape Roundrect Layer front
position  0.825000  0.000000  size  0.800000  0.950000  orientation 0.00
drill  0.000000
shape_offset  0.000000  0.000000
$EndPAD
$PAD "1"
Shape Roundrect Layer front
position -0.825000  0.000000  size  0.800000  0.950000  orientation 0.00
drill  0.000000
shape_offset  0.000000  0.000000
$EndPAD
$EndMODULE  R2

$MODULE "R1"
reference "R1"
value "0"
footprint "Resistor_SMD:R_0603_1608Metric"
attribut smd
position 61.645000 127.520000  orientation 180.00
layer front
$PAD "2"
Shape Roundrect Layer front
position  0.825000  0.000000  size  0.800000  0.950000  orientation 0.00
drill  0.000000
shape_offset  0.000000  0.000000
$EndPAD
$PAD "1"
Shape Roundrect Layer front
position -0.825000  0.000000  size  0.800000  0.950000  orientation 0.00
drill  0.000000
shape_offset  0.000000  0.000000
$EndPAD
$EndMODULE  R1

$MODULE "J1"
reference "J1"
value "650906-5"
footprint "For_SeeedStudio:6509065"
attribut none
position 200.000000 150.000000  orientation 0.00
layer front
$PAD "MH2"
Shape Circle Layer both
position -104.140000  2.540000  size  4.335000  4.335000  orientation 0.00
drill  2.890000
shape_offset  0.000000  0.000000
$EndPAD
$PAD "MH1"
Shape Circle Layer both
position  5.080000  2.540000  size  4.335000  4.335000  orientation 0.00
drill  2.890000
shape_offset  0.000000  0.000000
$EndPAD
$PAD "C40"
Shape Circle Layer both
position -99.060000 -5.080000  size  1.605000  1.605000  orientation 0.00
drill  1.070000
shape_offset  0.000000  0.000000
$EndPAD
$PAD "C39"
Shape Circle Layer both
position -96.520000 -5.080000  size  1.605000  1.605000  orientation 0.00
drill  1.070000
shape_offset  0.000000  0.000000
$EndPAD
$PAD "C38"
Shape Circle Layer both
position -93.980000 -5.080000  size  1.605000  1.605000  orientation 0.00
drill  1.070000
shape_offset  0.000000  0.000000
$EndPAD
$PAD "C37"
Shape Circle Layer both
position -91.440000 -5.080000  size  1.605000  1.605000  orientation 0.00
drill  1.070000
shape_offset  0.000000  0.000000
$EndPAD
$PAD "C36"
Shape Circle Layer both
position -88.900000 -5.080000  size  1.605000  1.605000  orientation 0.00
drill  1.070000
shape_offset  0.000000  0.000000
$EndPAD
$PAD "C35"
Shape Circle Layer both
position -86.360000 -5.080000  size  1.605000  1.605000  orientation 0.00
drill  1.070000
shape_offset  0.000000  0.000000
$EndPAD
$PAD "C34"
Shape Circle Layer both
position -83.820000 -5.080000  size  1.605000  1.605000  orientation 0.00
drill  1.070000
shape_offset  0.000000  0.000000
$EndPAD
$PAD "C33"
Shape Circle Layer both
position -81.280000 -5.080000  size  1.605000  1.605000  orientation 0.00
drill  1.070000
shape_offset  0.000000  0.000000
$EndPAD
$PAD "C32"
Shape Circle Layer both
position -78.740000 -5.080000  size  1.605000  1.605000  orientation 0.00
drill  1.070000
shape_offset  0.000000  0.000000
$EndPAD
$PAD "C31"
Shape Circle Layer both
position -76.200000 -5.080000  size  1.605000  1.605000  orientation 0.00
drill  1.070000
shape_offset  0.000000  0.000000
$EndPAD
$PAD "C30"
Shape Circle Layer both
position -73.660000 -5.080000  size  1.605000  1.605000  orientation 0.00
drill  1.070000
shape_offset  0.000000  0.000000
$EndPAD
$PAD "C29"
Shape Circle Layer both
position -71.120000 -5.080000  size  1.605000  1.605000  orientation 0.00
drill  1.070000
shape_offset  0.000000  0.000000
$EndPAD
$PAD "C28"
Shape Circle Layer both
position -68.580000 -5.080000  size  1.605000  1.605000  orientation 0.00
drill  1.070000
shape_offset  0.000000  0.000000
$EndPAD
$PAD "C27"
Shape Circle Layer both
position -66.040000 -5.080000  size  1.605000  1.605000  orientation 0.00
drill  1.070000
shape_offset  0.000000  0.000000
$EndPAD
$PAD "C26"
Shape Circle Layer both
position -63.500000 -5.080000  size  1.605000  1.605000  orientation 0.00
drill  1.070000
shape_offset  0.000000  0.000000
$EndPAD
$PAD "C25"
Shape Circle Layer both
position -60.960000 -5.080000  size  1.605000  1.605000  orientation 0.00
drill  1.070000
shape_offset  0.000000  0.000000
$EndPAD
$PAD "C24"
Shape Circle Layer both
position -58.420000 -5.080000  size  1.605000  1.605000  orientation 0.00
drill  1.070000
shape_offset  0.000000  0.000000
$EndPAD
$PAD "C23"
Shape Circle Layer both
position -55.880000 -5.080000  size  1.605000  1.605000  orientation 0.00
drill  1.070000
shape_offset  0.000000  0.000000
$EndPAD
$PAD "C22"
Shape Circle Layer both
position -53.340000 -5.080000  size  1.605000  1.605000  orientation 0.00
drill  1.070000
shape_offset  0.000000  0.000000
$EndPAD
$PAD "C21"
Shape Circle Layer both
position -50.800000 -5.080000  size  1.605000  1.605000  orientation 0.00
drill  1.070000
shape_offset  0.000000  0.000000
$EndPAD
$PAD "C20"
Shape Circle Layer both
position -48.260000 -5.080000  size  1.605000  1.605000  orientation 0.00
drill  1.070000
shape_offset  0.000000  0.000000
$EndPAD
$PAD "C19"
Shape Circle Layer both
position -45.720000 -5.080000  size  1.605000  1.605000  orientation 0.00
drill  1.070000
shape_offset  0.000000  0.000000
$EndPAD
$PAD "C18"
Shape Circle Layer both
position -43.180000 -5.080000  size  1.605000  1.605000  orientation 0.00
drill  1.070000
shape_offset  0.000000  0.000000
$EndPAD
$PAD "C17"
Shape Circle Layer both
position -40.640000 -5.080000  size  1.605000  1.605000  orientation 0.00
drill  1.070000
shape_offset  0.000000  0.000000
$EndPAD
$PAD "C16"
Shape Circle Layer both
position -38.100000 -5.080000  size  1.605000  1.605000  orientation 0.00
drill  1.070000
shape_offset  0.000000  0.000000
$EndPAD
$PAD "C15"
Shape Circle Layer both
position -35.560000 -5.080000  size  1.605000  1.605000  orientation 0.00
drill  1.070000
shape_offset  0.000000  0.000000
$EndPAD
$PAD "C14"
Shape Circle Layer both
position -33.020000 -5.080000  size  1.605000  1.605000  orientation 0.00
drill  1.070000
shape_offset  0.000000  0.000000
$EndPAD
$PAD "C13"
Shape Circle Layer both
position -30.480000 -5.080000  size  1.605000  1.605000  orientation 0.00
drill  1.070000
shape_offset  0.000000  0.000000
$EndPAD
$PAD "C12"
Shape Circle Layer both
position -27.940000 -5.080000  size  1.605000  1.605000  orientation 0.00
drill  1.070000
shape_offset  0.000000  0.000000
$EndPAD
$PAD "C11"
Shape Circle Layer both
position -25.400000 -5.080000  size  1.605000  1.605000  orientation 0.00
drill  1.070000
shape_offset  0.000000  0.000000
$EndPAD
$PAD "C10"
Shape Circle Layer both
position -22.860000 -5.080000  size  1.605000  1.605000  orientation 0.00
drill  1.070000
shape_offset  0.000000  0.000000
$EndPAD
$PAD "C9"
Shape Circle Layer both
position -20.320000 -5.080000  size  1.605000  1.605000  orientation 0.00
drill  1.070000
shape_offset  0.000000  0.000000
$EndPAD
$PAD "C8"
Shape Circle Layer both
position -17.780000 -5.080000  size  1.605000  1.605000  orientation 0.00
drill  1.070000
shape_offset  0.000000  0.000000
$EndPAD
$PAD "C7"
Shape Circle Layer both
position -15.240000 -5.080000  size  1.605000  1.605000  orientation 0.00
drill  1.070000
shape_offset  0.000000  0.000000
$EndPAD
$PAD "C6"
Shape Circle Layer both
position -12.700000 -5.080000  size  1.605000  1.605000  orientation 0.00
drill  1.070000
shape_offset  0.000000  0.000000
$EndPAD
$PAD "C5"
Shape Circle Layer both
position -10.160000 -5.080000  size  1.605000  1.605000  orientation 0.00
drill  1.070000
shape_offset  0.000000  0.000000
$EndPAD
$PAD "C4"
Shape Circle Layer both
position -7.620000 -5.080000  size  1.605000  1.605000  orientation 0.00
drill  1.070000
shape_offset  0.000000  0.000000
$EndPAD
$PAD "C3"
Shape Circle Layer both
position -5.080000 -5.080000  size  1.605000  1.605000  orientation 0.00
drill  1.070000
shape_offset  0.000000  0.000000
$EndPAD
$PAD "C2"
Shape Circle Layer both
position -2.540000 -5.080000  size  1.605000  1.605000  orientation 0.00
drill  1.070000
shape_offset  0.000000  0.000000
$EndPAD
$PAD "C1"
Shape Circle Layer both
position  0.000000 -5.080000  size  1.605000  1.605000  orientation 0.00
drill  1.070000
shape_offset  0.000000  0.000000
$EndPAD
$PAD "B40"
Shape Circle Layer both
position -99.060000 -2.540000  size  1.605000  1.605000  orientation 0.00
drill  1.070000
shape_offset  0.000000  0.000000
$EndPAD
$PAD "B39"
Shape Circle Layer both
position -96.520000 -2.540000  size  1.605000  1.605000  orientation 0.00
drill  1.070000
shape_offset  0.000000  0.000000
$EndPAD
$PAD "B38"
Shape Circle Layer both
position -93.980000 -2.540000  size  1.605000  1.605000  orientation 0.00
drill  1.070000
shape_offset  0.000000  0.000000
$EndPAD
$PAD "B37"
Shape Circle Layer both
position -91.440000 -2.540000  size  1.605000  1.605000  orientation 0.00
drill  1.070000
shape_offset  0.000000  0.000000
$EndPAD
$PAD "B36"
Shape Circle Layer both
position -88.900000 -2.540000  size  1.605000  1.605000  orientation 0.00
drill  1.070000
shape_offset  0.000000  0.000000
$EndPAD
$PAD "B35"
Shape Circle Layer both
position -86.360000 -2.540000  size  1.605000  1.605000  orientation 0.00
drill  1.070000
shape_offset  0.000000  0.000000
$EndPAD
$PAD "B34"
Shape Circle Layer both
position -83.820000 -2.540000  size  1.605000  1.605000  orientation 0.00
drill  1.070000
shape_offset  0.000000  0.000000
$EndPAD
$PAD "B33"
Shape Circle Layer both
position -81.280000 -2.540000  size  1.605000  1.605000  orientation 0.00
drill  1.070000
shape_offset  0.000000  0.000000
$EndPAD
$PAD "B32"
Shape Circle Layer both
position -78.740000 -2.540000  size  1.605000  1.605000  orientation 0.00
drill  1.070000
shape_offset  0.000000  0.000000
$EndPAD
$PAD "B31"
Shape Circle Layer both
position -76.200000 -2.540000  size  1.605000  1.605000  orientation 0.00
drill  1.070000
shape_offset  0.000000  0.000000
$EndPAD
$PAD "B30"
Shape Circle Layer both
position -73.660000 -2.540000  size  1.605000  1.605000  orientation 0.00
drill  1.070000
shape_offset  0.000000  0.000000
$EndPAD
$PAD "B29"
Shape Circle Layer both
position -71.120000 -2.540000  size  1.605000  1.605000  orientation 0.00
drill  1.070000
shape_offset  0.000000  0.000000
$EndPAD
$PAD "B28"
Shape Circle Layer both
position -68.580000 -2.540000  size  1.605000  1.605000  orientation 0.00
drill  1.070000
shape_offset  0.000000  0.000000
$EndPAD
$PAD "B27"
Shape Circle Layer both
position -66.040000 -2.540000  size  1.605000  1.605000  orientation 0.00
drill  1.070000
shape_offset  0.000000  0.000000
$EndPAD
$PAD "B26"
Shape Circle Layer both
position -63.500000 -2.540000  size  1.605000  1.605000  orientation 0.00
drill  1.070000
shape_offset  0.000000  0.000000
$EndPAD
$PAD "B25"
Shape Circle Layer both
position -60.960000 -2.540000  size  1.605000  1.605000  orientation 0.00
drill  1.070000
shape_offset  0.000000  0.000000
$EndPAD
$PAD "B24"
Shape Circle Layer both
position -58.420000 -2.540000  size  1.605000  1.605000  orientation 0.00
drill  1.070000
shape_offset  0.000000  0.000000
$EndPAD
$PAD "B23"
Shape Circle Layer both
position -55.880000 -2.540000  size  1.605000  1.605000  orientation 0.00
drill  1.070000
shape_offset  0.000000  0.000000
$EndPAD
$PAD "B22"
Shape Circle Layer both
position -53.340000 -2.540000  size  1.605000  1.605000  orientation 0.00
drill  1.070000
shape_offset  0.000000  0.000000
$EndPAD
$PAD "B21"
Shape Circle Layer both
position -50.800000 -2.540000  size  1.605000  1.605000  orientation 0.00
drill  1.070000
shape_offset  0.000000  0.000000
$EndPAD
$PAD "B20"
Shape Circle Layer both
position -48.260000 -2.540000  size  1.605000  1.605000  orientation 0.00
drill  1.070000
shape_offset  0.000000  0.000000
$EndPAD
$PAD "B19"
Shape Circle Layer both
position -45.720000 -2.540000  size  1.605000  1.605000  orientation 0.00
drill  1.070000
shape_offset  0.000000  0.000000
$EndPAD
$PAD "B18"
Shape Circle Layer both
position -43.180000 -2.540000  size  1.605000  1.605000  orientation 0.00
drill  1.070000
shape_offset  0.000000  0.000000
$EndPAD
$PAD "B17"
Shape Circle Layer both
position -40.640000 -2.540000  size  1.605000  1.605000  orientation 0.00
drill  1.070000
shape_offset  0.000000  0.000000
$EndPAD
$PAD "B16"
Shape Circle Layer both
position -38.100000 -2.540000  size  1.605000  1.605000  orientation 0.00
drill  1.070000
shape_offset  0.000000  0.000000
$EndPAD
$PAD "B15"
Shape Circle Layer both
position -35.560000 -2.540000  size  1.605000  1.605000  orientation 0.00
drill  1.070000
shape_offset  0.000000  0.000000
$EndPAD
$PAD "B14"
Shape Circle Layer both
position -33.020000 -2.540000  size  1.605000  1.605000  orientation 0.00
drill  1.070000
shape_offset  0.000000  0.000000
$EndPAD
$PAD "B13"
Shape Circle Layer both
position -30.480000 -2.540000  size  1.605000  1.605000  orientation 0.00
drill  1.070000
shape_offset  0.000000  0.000000
$EndPAD
$PAD "B12"
Shape Circle Layer both
position -27.940000 -2.540000  size  1.605000  1.605000  orientation 0.00
drill  1.070000
shape_offset  0.000000  0.000000
$EndPAD
$PAD "B11"
Shape Circle Layer both
position -25.400000 -2.540000  size  1.605000  1.605000  orientation 0.00
drill  1.070000
shape_offset  0.000000  0.000000
$EndPAD
$PAD "B10"
Shape Circle Layer both
position -22.860000 -2.540000  size  1.605000  1.605000  orientation 0.00
drill  1.070000
shape_offset  0.000000  0.000000
$EndPAD
$PAD "B9"
Shape Circle Layer both
position -20.320000 -2.540000  size  1.605000  1.605000  orientation 0.00
drill  1.070000
shape_offset  0.000000  0.000000
$EndPAD
$PAD "B8"
Shape Circle Layer both
position -17.780000 -2.540000  size  1.605000  1.605000  orientation 0.00
drill  1.070000
shape_offset  0.000000  0.000000
$EndPAD
$PAD "B7"
Shape Circle Layer both
position -15.240000 -2.540000  size  1.605000  1.605000  orientation 0.00
drill  1.070000
shape_offset  0.000000  0.000000
$EndPAD
$PAD "B6"
Shape Circle Layer both
position -12.700000 -2.540000  size  1.605000  1.605000  orientation 0.00
drill  1.070000
shape_offset  0.000000  0.000000
$EndPAD
$PAD "B5"
Shape Circle Layer both
position -10.160000 -2.540000  size  1.605000  1.605000  orientation 0.00
drill  1.070000
shape_offset  0.000000  0.000000
$EndPAD
$PAD "B4"
Shape Circle Layer both
position -7.620000 -2.540000  size  1.605000  1.605000  orientation 0.00
drill  1.070000
shape_offset  0.000000  0.000000
$EndPAD
$PAD "B3"
Shape Circle Layer both
position -5.080000 -2.540000  size  1.605000  1.605000  orientation 0.00
drill  1.070000
shape_offset  0.000000  0.000000
$EndPAD
$PAD "B2"
Shape Circle Layer both
position -2.540000 -2.540000  size  1.605000  1.605000  orientation 0.00
drill  1.070000
shape_offset  0.000000  0.000000
$EndPAD
$PAD "B1"
Shape Circle Layer both
position  0.000000 -2.540000  size  1.605000  1.605000  orientation 0.00
drill  1.070000
shape_offset  0.000000  0.000000
$EndPAD
$PAD "A40"
Shape Circle Layer both
position -99.060000  0.000000  size  1.605000  1.605000  orientation 0.00
drill  1.070000
shape_offset  0.000000  0.000000
$EndPAD
$PAD "A39"
Shape Circle Layer both
position -96.520000  0.000000  size  1.605000  1.605000  orientation 0.00
drill  1.070000
shape_offset  0.000000  0.000000
$EndPAD
$PAD "A38"
Shape Circle Layer both
position -93.980000  0.000000  size  1.605000  1.605000  orientation 0.00
drill  1.070000
shape_offset  0.000000  0.000000
$EndPAD
$PAD "A37"
Shape Circle Layer both
position -91.440000  0.000000  size  1.605000  1.605000  orientation 0.00
drill  1.070000
shape_offset  0.000000  0.000000
$EndPAD
$PAD "A36"
Shape Circle Layer both
position -88.900000  0.000000  size  1.605000  1.605000  orientation 0.00
drill  1.070000
shape_offset  0.000000  0.000000
$EndPAD
$PAD "A35"
Shape Circle Layer both
position -86.360000  0.000000  size  1.605000  1.605000  orientation 0.00
drill  1.070000
shape_offset  0.000000  0.000000
$EndPAD
$PAD "A34"
Shape Circle Layer both
position -83.820000  0.000000  size  1.605000  1.605000  orientation 0.00
drill  1.070000
shape_offset  0.000000  0.000000
$EndPAD
$PAD "A33"
Shape Circle Layer both
position -81.280000  0.000000  size  1.605000  1.605000  orientation 0.00
drill  1.070000
shape_offset  0.000000  0.000000
$EndPAD
$PAD "A32"
Shape Circle Layer both
position -78.740000  0.000000  size  1.605000  1.605000  orientation 0.00
drill  1.070000
shape_offset  0.000000  0.000000
$EndPAD
$PAD "A31"
Shape Circle Layer both
position -76.200000  0.000000  size  1.605000  1.605000  orientation 0.00
drill  1.070000
shape_offset  0.000000  0.000000
$EndPAD
$PAD "A30"
Shape Circle Layer both
position -73.660000  0.000000  size  1.605000  1.605000  orientation 0.00
drill  1.070000
shape_offset  0.000000  0.000000
$EndPAD
$PAD "A29"
Shape Circle Layer both
position -71.120000  0.000000  size  1.605000  1.605000  orientation 0.00
drill  1.070000
shape_offset  0.000000  0.000000
$EndPAD
$PAD "A28"
Shape Circle Layer both
position -68.580000  0.000000  size  1.605000  1.605000  orientation 0.00
drill  1.070000
shape_offset  0.000000  0.000000
$EndPAD
$PAD "A27"
Shape Circle Layer both
position -66.040000  0.000000  size  1.605000  1.605000  orientation 0.00
drill  1.070000
shape_offset  0.000000  0.000000
$EndPAD
$PAD "A26"
Shape Circle Layer both
position -63.500000  0.000000  size  1.605000  1.605000  orientation 0.00
drill  1.070000
shape_offset  0.000000  0.000000
$EndPAD
$PAD "A25"
Shape Circle Layer both
position -60.960000  0.000000  size  1.605000  1.605000  orientation 0.00
drill  1.070000
shape_offset  0.000000  0.000000
$EndPAD
$PAD "A24"
Shape Circle Layer both
position -58.420000  0.000000  size  1.605000  1.605000  orientation 0.00
drill  1.070000
shape_offset  0.000000  0.000000
$EndPAD
$PAD "A23"
Shape Circle Layer both
position -55.880000  0.000000  size  1.605000  1.605000  orientation 0.00
drill  1.070000
shape_offset  0.000000  0.000000
$EndPAD
$PAD "A22"
Shape Circle Layer both
position -53.340000  0.000000  size  1.605000  1.605000  orientation 0.00
drill  1.070000
shape_offset  0.000000  0.000000
$EndPAD
$PAD "A21"
Shape Circle Layer both
position -50.800000  0.000000  size  1.605000  1.605000  orientation 0.00
drill  1.070000
shape_offset  0.000000  0.000000
$EndPAD
$PAD "A20"
Shape Circle Layer both
position -48.260000  0.000000  size  1.605000  1.605000  orientation 0.00
drill  1.070000
shape_offset  0.000000  0.000000
$EndPAD
$PAD "A19"
Shape Circle Layer both
position -45.720000  0.000000  size  1.605000  1.605000  orientation 0.00
drill  1.070000
shape_offset  0.000000  0.000000
$EndPAD
$PAD "A18"
Shape Circle Layer both
position -43.180000  0.000000  size  1.605000  1.605000  orientation 0.00
drill  1.070000
shape_offset  0.000000  0.000000
$EndPAD
$PAD "A17"
Shape Circle Layer both
position -40.640000  0.000000  size  1.605000  1.605000  orientation 0.00
drill  1.070000
shape_offset  0.000000  0.000000
$EndPAD
$PAD "A16"
Shape Circle Layer both
position -38.100000  0.000000  size  1.605000  1.605000  orientation 0.00
drill  1.070000
shape_offset  0.000000  0.000000
$EndPAD
$PAD "A15"
Shape Circle Layer both
position -35.560000  0.000000  size  1.605000  1.605000  orientation 0.00
drill  1.070000
shape_offset  0.000000  0.000000
$EndPAD
$PAD "A14"
Shape Circle Layer both
position -33.020000  0.000000  size  1.605000  1.605000  orientation 0.00
drill  1.070000
shape_offset  0.000000  0.000000
$EndPAD
$PAD "A13"
Shape Circle Layer both
position -30.480000  0.000000  size  1.605000  1.605000  orientation 0.00
drill  1.070000
shape_offset  0.000000  0.000000
$EndPAD
$PAD "A12"
Shape Circle Layer both
position -27.940000  0.000000  size  1.605000  1.605000  orientation 0.00
drill  1.070000
shape_offset  0.000000  0.000000
$EndPAD
$PAD "A11"
Shape Circle Layer both
position -25.400000  0.000000  size  1.605000  1.605000  orientation 0.00
drill  1.070000
shape_offset  0.000000  0.000000
$EndPAD
$PAD "A10"
Shape Circle Layer both
position -22.860000  0.000000  size  1.605000  1.605000  orientation 0.00
drill  1.070000
shape_offset  0.000000  0.000000
$EndPAD
$PAD "A9"
Shape Circle Layer both
position -20.320000  0.000000  size  1.605000  1.605000  orientation 0.00
drill  1.070000
shape_offset  0.000000  0.000000
$EndPAD
$PAD "A8"
Shape Circle Layer both
position -17.780000  0.000000  size  1.605000  1.605000  orientation 0.00
drill  1.070000
shape_offset  0.000000  0.000000
$EndPAD
$PAD "A7"
Shape Circle Layer both
position -15.240000  0.000000  size  1.605000  1.605000  orientation 0.00
drill  1.070000
shape_offset  0.000000  0.000000
$EndPAD
$PAD "A6"
Shape Circle Layer both
position -12.700000  0.000000  size  1.605000  1.605000  orientation 0.00
drill  1.070000
shape_offset  0.000000  0.000000
$EndPAD
$PAD "A5"
Shape Circle Layer both
position -10.160000  0.000000  size  1.605000  1.605000  orientation 0.00
drill  1.070000
shape_offset  0.000000  0.000000
$EndPAD
$PAD "A4"
Shape Circle Layer both
position -7.620000  0.000000  size  1.605000  1.605000  orientation 0.00
drill  1.070000
shape_offset  0.000000  0.000000
$EndPAD
$PAD "A3"
Shape Circle Layer both
position -5.080000  0.000000  size  1.605000  1.605000  orientation 0.00
drill  1.070000
shape_offset  0.000000  0.000000
$EndPAD
$PAD "A2"
Shape Circle Layer both
position -2.540000  0.000000  size  1.605000  1.605000  orientation 0.00
drill  1.070000
shape_offset  0.000000  0.000000
$EndPAD
$PAD "A1"
Shape Rect Layer both
position  0.000000  0.000000  size  1.605000  1.605000  orientation 0.00
drill  1.070000
shape_offset  0.000000  0.000000
$EndPAD
$EndMODULE  J1

$MODULE "C5"
reference "C5"
value "1 uF"
footprint "Capacitor_SMD:C_0603_1608Metric"
attribut smd
position 61.695000 117.360000  orientation 180.00
layer front
$PAD "2"
Shape Roundrect Layer front
position  0.775000  0.000000  size  0.900000  0.950000  orientation 0.00
drill  0.000000
shape_offset  0.000000  0.000000
$EndPAD
$PAD "1"
Shape Roundrect Layer front
position -0.775000  0.000000  size  0.900000  0.950000  orientation 0.00
drill  0.000000
shape_offset  0.000000  0.000000
$EndPAD
$EndMODULE  C5

$MODULE "C6"
reference "C6"
value "100 nF"
footprint "Capacitor_SMD:C_0603_1608Metric"
attribut smd
position 67.570000 109.100000  orientation 90.00
layer front
$PAD "2"
Shape Roundrect Layer front
position  0.775000  0.000000  size  0.900000  0.950000  orientation 0.00
drill  0.000000
shape_offset  0.000000  0.000000
$EndPAD
$PAD "1"
Shape Roundrect Layer front
position -0.775000  0.000000  size  0.900000  0.950000  orientation 0.00
drill  0.000000
shape_offset  0.000000  0.000000
$EndPAD
$EndMODULE  C6

$MODULE "J3"
reference "J3"
value "5535098-5"
footprint "For_SeeedStudio:5535098-5"
attribut none
position 203.950000 100.300000  orientation 0.00
layer front
$PAD "122"
Shape Circle Layer both
position  5.626100  2.235200  size  3.403600  3.403600  orientation 0.00
drill  2.895600
shape_offset  0.000000  0.000000
$EndPAD
$PAD "121"
Shape Circle Layer both
position -104.686100  2.235200  size  3.403600  3.403600  orientation 0.00
drill  2.895600
shape_offset  0.000000  0.000000
$EndPAD
$PAD "C40"
Shape Circle Layer both
position -99.060000  5.080000  size  1.574800  1.574800  orientation 0.00
drill  1.066800
shape_offset  0.000000  0.000000
$EndPAD
$PAD "C39"
Shape Circle Layer both
position -96.520000  5.080000  size  1.574800  1.574800  orientation 0.00
drill  1.066800
shape_offset  0.000000  0.000000
$EndPAD
$PAD "C38"
Shape Circle Layer both
position -93.980000  5.080000  size  1.574800  1.574800  orientation 0.00
drill  1.066800
shape_offset  0.000000  0.000000
$EndPAD
$PAD "C37"
Shape Circle Layer both
position -91.440000  5.080000  size  1.574800  1.574800  orientation 0.00
drill  1.066800
shape_offset  0.000000  0.000000
$EndPAD
$PAD "C36"
Shape Circle Layer both
position -88.900000  5.080000  size  1.574800  1.574800  orientation 0.00
drill  1.066800
shape_offset  0.000000  0.000000
$EndPAD
$PAD "C35"
Shape Circle Layer both
position -86.360000  5.080000  size  1.574800  1.574800  orientation 0.00
drill  1.066800
shape_offset  0.000000  0.000000
$EndPAD
$PAD "C34"
Shape Circle Layer both
position -83.820000  5.080000  size  1.574800  1.574800  orientation 0.00
drill  1.066800
shape_offset  0.000000  0.000000
$EndPAD
$PAD "C33"
Shape Circle Layer both
position -81.280000  5.080000  size  1.574800  1.574800  orientation 0.00
drill  1.066800
shape_offset  0.000000  0.000000
$EndPAD
$PAD "C32"
Shape Circle Layer both
position -78.740000  5.080000  size  1.574800  1.574800  orientation 0.00
drill  1.066800
shape_offset  0.000000  0.000000
$EndPAD
$PAD "C31"
Shape Circle Layer both
position -76.200000  5.080000  size  1.574800  1.574800  orientation 0.00
drill  1.066800
shape_offset  0.000000  0.000000
$EndPAD
$PAD "C30"
Shape Circle Layer both
position -73.660000  5.080000  size  1.574800  1.574800  orientation 0.00
drill  1.066800
shape_offset  0.000000  0.000000
$EndPAD
$PAD "C29"
Shape Circle Layer both
position -71.120000  5.080000  size  1.574800  1.574800  orientation 0.00
drill  1.066800
shape_offset  0.000000  0.000000
$EndPAD
$PAD "C28"
Shape Circle Layer both
position -68.580000  5.080000  size  1.574800  1.574800  orientation 0.00
drill  1.066800
shape_offset  0.000000  0.000000
$EndPAD
$PAD "C27"
Shape Circle Layer both
position -66.040000  5.080000  size  1.574800  1.574800  orientation 0.00
drill  1.066800
shape_offset  0.000000  0.000000
$EndPAD
$PAD "C26"
Shape Circle Layer both
position -63.500000  5.080000  size  1.574800  1.574800  orientation 0.00
drill  1.066800
shape_offset  0.000000  0.000000
$EndPAD
$PAD "C25"
Shape Circle Layer both
position -60.960000  5.080000  size  1.574800  1.574800  orientation 0.00
drill  1.066800
shape_offset  0.000000  0.000000
$EndPAD
$PAD "C24"
Shape Circle Layer both
position -58.420000  5.080000  size  1.574800  1.574800  orientation 0.00
drill  1.066800
shape_offset  0.000000  0.000000
$EndPAD
$PAD "C23"
Shape Circle Layer both
position -55.880000  5.080000  size  1.574800  1.574800  orientation 0.00
drill  1.066800
shape_offset  0.000000  0.000000
$EndPAD
$PAD "C22"
Shape Circle Layer both
position -53.340000  5.080000  size  1.574800  1.574800  orientation 0.00
drill  1.066800
shape_offset  0.000000  0.000000
$EndPAD
$PAD "C21"
Shape Circle Layer both
position -50.800000  5.080000  size  1.574800  1.574800  orientation 0.00
drill  1.066800
shape_offset  0.000000  0.000000
$EndPAD
$PAD "C20"
Shape Circle Layer both
position -48.260000  5.080000  size  1.574800  1.574800  orientation 0.00
drill  1.066800
shape_offset  0.000000  0.000000
$EndPAD
$PAD "C19"
Shape Circle Layer both
position -45.720000  5.080000  size  1.574800  1.574800  orientation 0.00
drill  1.066800
shape_offset  0.000000  0.000000
$EndPAD
$PAD "C18"
Shape Circle Layer both
position -43.180000  5.080000  size  1.574800  1.574800  orientation 0.00
drill  1.066800
shape_offset  0.000000  0.000000
$EndPAD
$PAD "C17"
Shape Circle Layer both
position -40.640000  5.080000  size  1.574800  1.574800  orientation 0.00
drill  1.066800
shape_offset  0.000000  0.000000
$EndPAD
$PAD "C16"
Shape Circle Layer both
position -38.100000  5.080000  size  1.574800  1.574800  orientation 0.00
drill  1.066800
shape_offset  0.000000  0.000000
$EndPAD
$PAD "C15"
Shape Circle Layer both
position -35.560000  5.080000  size  1.574800  1.574800  orientation 0.00
drill  1.066800
shape_offset  0.000000  0.000000
$EndPAD
$PAD "C14"
Shape Circle Layer both
position -33.020000  5.080000  size  1.574800  1.574800  orientation 0.00
drill  1.066800
shape_offset  0.000000  0.000000
$EndPAD
$PAD "C13"
Shape Circle Layer both
position -30.480000  5.080000  size  1.574800  1.574800  orientation 0.00
drill  1.066800
shape_offset  0.000000  0.000000
$EndPAD
$PAD "C12"
Shape Circle Layer both
position -27.940000  5.080000  size  1.574800  1.574800  orientation 0.00
drill  1.066800
shape_offset  0.000000  0.000000
$EndPAD
$PAD "C11"
Shape Circle Layer both
position -25.400000  5.080000  size  1.574800  1.574800  orientation 0.00
drill  1.066800
shape_offset  0.000000  0.000000
$EndPAD
$PAD "C10"
Shape Circle Layer both
position -22.860000  5.080000  size  1.574800  1.574800  orientation 0.00
drill  1.066800
shape_offset  0.000000  0.000000
$EndPAD
$PAD "C9"
Shape Circle Layer both
position -20.320000  5.080000  size  1.574800  1.574800  orientation 0.00
drill  1.066800
shape_offset  0.000000  0.000000
$EndPAD
$PAD "C8"
Shape Circle Layer both
position -17.780000  5.080000  size  1.574800  1.574800  orientation 0.00
drill  1.066800
shape_offset  0.000000  0.000000
$EndPAD
$PAD "C7"
Shape Circle Layer both
position -15.240000  5.080000  size  1.574800  1.574800  orientation 0.00
drill  1.066800
shape_offset  0.000000  0.000000
$EndPAD
$PAD "C6"
Shape Circle Layer both
position -12.700000  5.080000  size  1.574800  1.574800  orientation 0.00
drill  1.066800
shape_offset  0.000000  0.000000
$EndPAD
$PAD "C5"
Shape Circle Layer both
position -10.160000  5.080000  size  1.574800  1.574800  orientation 0.00
drill  1.066800
shape_offset  0.000000  0.000000
$EndPAD
$PAD "C4"
Shape Circle Layer both
position -7.620000  5.080000  size  1.574800  1.574800  orientation 0.00
drill  1.066800
shape_offset  0.000000  0.000000
$EndPAD
$PAD "C3"
Shape Circle Layer both
position -5.080000  5.080000  size  1.574800  1.574800  orientation 0.00
drill  1.066800
shape_offset  0.000000  0.000000
$EndPAD
$PAD "C2"
Shape Circle Layer both
position -2.540000  5.080000  size  1.574800  1.574800  orientation 0.00
drill  1.066800
shape_offset  0.000000  0.000000
$EndPAD
$PAD "C1"
Shape Circle Layer both
position  0.000000  5.080000  size  1.574800  1.574800  orientation 0.00
drill  1.066800
shape_offset  0.000000  0.000000
$EndPAD
$PAD "B40"
Shape Circle Layer both
position -99.060000  2.540000  size  1.574800  1.574800  orientation 0.00
drill  1.066800
shape_offset  0.000000  0.000000
$EndPAD
$PAD "B39"
Shape Circle Layer both
position -96.520000  2.540000  size  1.574800  1.574800  orientation 0.00
drill  1.066800
shape_offset  0.000000  0.000000
$EndPAD
$PAD "B38"
Shape Circle Layer both
position -93.980000  2.540000  size  1.574800  1.574800  orientation 0.00
drill  1.066800
shape_offset  0.000000  0.000000
$EndPAD
$PAD "B37"
Shape Circle Layer both
position -91.440000  2.540000  size  1.574800  1.574800  orientation 0.00
drill  1.066800
shape_offset  0.000000  0.000000
$EndPAD
$PAD "B36"
Shape Circle Layer both
position -88.900000  2.540000  size  1.574800  1.574800  orientation 0.00
drill  1.066800
shape_offset  0.000000  0.000000
$EndPAD
$PAD "B35"
Shape Circle Layer both
position -86.360000  2.540000  size  1.574800  1.574800  orientation 0.00
drill  1.066800
shape_offset  0.000000  0.000000
$EndPAD
$PAD "B34"
Shape Circle Layer both
position -83.820000  2.540000  size  1.574800  1.574800  orientation 0.00
drill  1.066800
shape_offset  0.000000  0.000000
$EndPAD
$PAD "B33"
Shape Circle Layer both
position -81.280000  2.540000  size  1.574800  1.574800  orientation 0.00
drill  1.066800
shape_offset  0.000000  0.000000
$EndPAD
$PAD "B32"
Shape Circle Layer both
position -78.740000  2.540000  size  1.574800  1.574800  orientation 0.00
drill  1.066800
shape_offset  0.000000  0.000000
$EndPAD
$PAD "B31"
Shape Circle Layer both
position -76.200000  2.540000  size  1.574800  1.574800  orientation 0.00
drill  1.066800
shape_offset  0.000000  0.000000
$EndPAD
$PAD "B30"
Shape Circle Layer both
position -73.660000  2.540000  size  1.574800  1.574800  orientation 0.00
drill  1.066800
shape_offset  0.000000  0.000000
$EndPAD
$PAD "B29"
Shape Circle Layer both
position -71.120000  2.540000  size  1.574800  1.574800  orientation 0.00
drill  1.066800
shape_offset  0.000000  0.000000
$EndPAD
$PAD "B28"
Shape Circle Layer both
position -68.580000  2.540000  size  1.574800  1.574800  orientation 0.00
drill  1.066800
shape_offset  0.000000  0.000000
$EndPAD
$PAD "B27"
Shape Circle Layer both
position -66.040000  2.540000  size  1.574800  1.574800  orientation 0.00
drill  1.066800
shape_offset  0.000000  0.000000
$EndPAD
$PAD "B26"
Shape Circle Layer both
position -63.500000  2.540000  size  1.574800  1.574800  orientation 0.00
drill  1.066800
shape_offset  0.000000  0.000000
$EndPAD
$PAD "B25"
Shape Circle Layer both
position -60.960000  2.540000  size  1.574800  1.574800  orientation 0.00
drill  1.066800
shape_offset  0.000000  0.000000
$EndPAD
$PAD "B24"
Shape Circle Layer both
position -58.420000  2.540000  size  1.574800  1.574800  orientation 0.00
drill  1.066800
shape_offset  0.000000  0.000000
$EndPAD
$PAD "B23"
Shape Circle Layer both
position -55.880000  2.540000  size  1.574800  1.574800  orientation 0.00
drill  1.066800
shape_offset  0.000000  0.000000
$EndPAD
$PAD "B22"
Shape Circle Layer both
position -53.340000  2.540000  size  1.574800  1.574800  orientation 0.00
drill  1.066800
shape_offset  0.000000  0.000000
$EndPAD
$PAD "B21"
Shape Circle Layer both
position -50.800000  2.540000  size  1.574800  1.574800  orientation 0.00
drill  1.066800
shape_offset  0.000000  0.000000
$EndPAD
$PAD "B20"
Shape Circle Layer both
position -48.260000  2.540000  size  1.574800  1.574800  orientation 0.00
drill  1.066800
shape_offset  0.000000  0.000000
$EndPAD
$PAD "B19"
Shape Circle Layer both
position -45.720000  2.540000  size  1.574800  1.574800  orientation 0.00
drill  1.066800
shape_offset  0.000000  0.000000
$EndPAD
$PAD "B18"
Shape Circle Layer both
position -43.180000  2.540000  size  1.574800  1.574800  orientation 0.00
drill  1.066800
shape_offset  0.000000  0.000000
$EndPAD
$PAD "B17"
Shape Circle Layer both
position -40.640000  2.540000  size  1.574800  1.574800  orientation 0.00
drill  1.066800
shape_offset  0.000000  0.000000
$EndPAD
$PAD "B16"
Shape Circle Layer both
position -38.100000  2.540000  size  1.574800  1.574800  orientation 0.00
drill  1.066800
shape_offset  0.000000  0.000000
$EndPAD
$PAD "B15"
Shape Circle Layer both
position -35.560000  2.540000  size  1.574800  1.574800  orientation 0.00
drill  1.066800
shape_offset  0.000000  0.000000
$EndPAD
$PAD "B14"
Shape Circle Layer both
position -33.020000  2.540000  size  1.574800  1.574800  orientation 0.00
drill  1.066800
shape_offset  0.000000  0.000000
$EndPAD
$PAD "B13"
Shape Circle Layer both
position -30.480000  2.540000  size  1.574800  1.574800  orientation 0.00
drill  1.066800
shape_offset  0.000000  0.000000
$EndPAD
$PAD "B12"
Shape Circle Layer both
position -27.940000  2.540000  size  1.574800  1.574800  orientation 0.00
drill  1.066800
shape_offset  0.000000  0.000000
$EndPAD
$PAD "B11"
Shape Circle Layer both
position -25.400000  2.540000  size  1.574800  1.574800  orientation 0.00
drill  1.066800
shape_offset  0.000000  0.000000
$EndPAD
$PAD "B10"
Shape Circle Layer both
position -22.860000  2.540000  size  1.574800  1.574800  orientation 0.00
drill  1.066800
shape_offset  0.000000  0.000000
$EndPAD
$PAD "B9"
Shape Circle Layer both
position -20.320000  2.540000  size  1.574800  1.574800  orientation 0.00
drill  1.066800
shape_offset  0.000000  0.000000
$EndPAD
$PAD "B8"
Shape Circle Layer both
position -17.780000  2.540000  size  1.574800  1.574800  orientation 0.00
drill  1.066800
shape_offset  0.000000  0.000000
$EndPAD
$PAD "B7"
Shape Circle Layer both
position -15.240000  2.540000  size  1.574800  1.574800  orientation 0.00
drill  1.066800
shape_offset  0.000000  0.000000
$EndPAD
$PAD "B6"
Shape Circle Layer both
position -12.700000  2.540000  size  1.574800  1.574800  orientation 0.00
drill  1.066800
shape_offset  0.000000  0.000000
$EndPAD
$PAD "B5"
Shape Circle Layer both
position -10.160000  2.540000  size  1.574800  1.574800  orientation 0.00
drill  1.066800
shape_offset  0.000000  0.000000
$EndPAD
$PAD "B4"
Shape Circle Layer both
position -7.620000  2.540000  size  1.574800  1.574800  orientation 0.00
drill  1.066800
shape_offset  0.000000  0.000000
$EndPAD
$PAD "B3"
Shape Circle Layer both
position -5.080000  2.540000  size  1.574800  1.574800  orientation 0.00
drill  1.066800
shape_offset  0.000000  0.000000
$EndPAD
$PAD "B2"
Shape Circle Layer both
position -2.540000  2.540000  size  1.574800  1.574800  orientation 0.00
drill  1.066800
shape_offset  0.000000  0.000000
$EndPAD
$PAD "B1"
Shape Circle Layer both
position  0.000000  2.540000  size  1.574800  1.574800  orientation 0.00
drill  1.066800
shape_offset  0.000000  0.000000
$EndPAD
$PAD "A40"
Shape Circle Layer both
position -99.060000  0.000000  size  1.574800  1.574800  orientation 0.00
drill  1.066800
shape_offset  0.000000  0.000000
$EndPAD
$PAD "A39"
Shape Circle Layer both
position -96.520000  0.000000  size  1.574800  1.574800  orientation 0.00
drill  1.066800
shape_offset  0.000000  0.000000
$EndPAD
$PAD "A38"
Shape Circle Layer both
position -93.980000  0.000000  size  1.574800  1.574800  orientation 0.00
drill  1.066800
shape_offset  0.000000  0.000000
$EndPAD
$PAD "A37"
Shape Circle Layer both
position -91.440000  0.000000  size  1.574800  1.574800  orientation 0.00
drill  1.066800
shape_offset  0.000000  0.000000
$EndPAD
$PAD "A36"
Shape Circle Layer both
position -88.900000  0.000000  size  1.574800  1.574800  orientation 0.00
drill  1.066800
shape_offset  0.000000  0.000000
$EndPAD
$PAD "A35"
Shape Circle Layer both
position -86.360000  0.000000  size  1.574800  1.574800  orientation 0.00
drill  1.066800
shape_offset  0.000000  0.000000
$EndPAD
$PAD "A34"
Shape Circle Layer both
position -83.820000  0.000000  size  1.574800  1.574800  orientation 0.00
drill  1.066800
shape_offset  0.000000  0.000000
$EndPAD
$PAD "A33"
Shape Circle Layer both
position -81.280000  0.000000  size  1.574800  1.574800  orientation 0.00
drill  1.066800
shape_offset  0.000000  0.000000
$EndPAD
$PAD "A32"
Shape Circle Layer both
position -78.740000  0.000000  size  1.574800  1.574800  orientation 0.00
drill  1.066800
shape_offset  0.000000  0.000000
$EndPAD
$PAD "A31"
Shape Circle Layer both
position -76.200000  0.000000  size  1.574800  1.574800  orientation 0.00
drill  1.066800
shape_offset  0.000000  0.000000
$EndPAD
$PAD "A30"
Shape Circle Layer both
position -73.660000  0.000000  size  1.574800  1.574800  orientation 0.00
drill  1.066800
shape_offset  0.000000  0.000000
$EndPAD
$PAD "A29"
Shape Circle Layer both
position -71.120000  0.000000  size  1.574800  1.574800  orientation 0.00
drill  1.066800
shape_offset  0.000000  0.000000
$EndPAD
$PAD "A28"
Shape Circle Layer both
position -68.580000  0.000000  size  1.574800  1.574800  orientation 0.00
drill  1.066800
shape_offset  0.000000  0.000000
$EndPAD
$PAD "A27"
Shape Circle Layer both
position -66.040000  0.000000  size  1.574800  1.574800  orientation 0.00
drill  1.066800
shape_offset  0.000000  0.000000
$EndPAD
$PAD "A26"
Shape Circle Layer both
position -63.500000  0.000000  size  1.574800  1.574800  orientation 0.00
drill  1.066800
shape_offset  0.000000  0.000000
$EndPAD
$PAD "A25"
Shape Circle Layer both
position -60.960000  0.000000  size  1.574800  1.574800  orientation 0.00
drill  1.066800
shape_offset  0.000000  0.000000
$EndPAD
$PAD "A24"
Shape Circle Layer both
position -58.420000  0.000000  size  1.574800  1.574800  orientation 0.00
drill  1.066800
shape_offset  0.000000  0.000000
$EndPAD
$PAD "A23"
Shape Circle Layer both
position -55.880000  0.000000  size  1.574800  1.574800  orientation 0.00
drill  1.066800
shape_offset  0.000000  0.000000
$EndPAD
$PAD "A22"
Shape Circle Layer both
position -53.340000  0.000000  size  1.574800  1.574800  orientation 0.00
drill  1.066800
shape_offset  0.000000  0.000000
$EndPAD
$PAD "A21"
Shape Circle Layer both
position -50.800000  0.000000  size  1.574800  1.574800  orientation 0.00
drill  1.066800
shape_offset  0.000000  0.000000
$EndPAD
$PAD "A20"
Shape Circle Layer both
position -48.260000  0.000000  size  1.574800  1.574800  orientation 0.00
drill  1.066800
shape_offset  0.000000  0.000000
$EndPAD
$PAD "A19"
Shape Circle Layer both
position -45.720000  0.000000  size  1.574800  1.574800  orientation 0.00
drill  1.066800
shape_offset  0.000000  0.000000
$EndPAD
$PAD "A18"
Shape Circle Layer both
position -43.180000  0.000000  size  1.574800  1.574800  orientation 0.00
drill  1.066800
shape_offset  0.000000  0.000000
$EndPAD
$PAD "A17"
Shape Circle Layer both
position -40.640000  0.000000  size  1.574800  1.574800  orientation 0.00
drill  1.066800
shape_offset  0.000000  0.000000
$EndPAD
$PAD "A16"
Shape Circle Layer both
position -38.100000  0.000000  size  1.574800  1.574800  orientation 0.00
drill  1.066800
shape_offset  0.000000  0.000000
$EndPAD
$PAD "A15"
Shape Circle Layer both
position -35.560000  0.000000  size  1.574800  1.574800  orientation 0.00
drill  1.066800
shape_offset  0.000000  0.000000
$EndPAD
$PAD "A14"
Shape Circle Layer both
position -33.020000  0.000000  size  1.574800  1.574800  orientation 0.00
drill  1.066800
shape_offset  0.000000  0.000000
$EndPAD
$PAD "A13"
Shape Circle Layer both
position -30.480000  0.000000  size  1.574800  1.574800  orientation 0.00
drill  1.066800
shape_offset  0.000000  0.000000
$EndPAD
$PAD "A12"
Shape Circle Layer both
position -27.940000  0.000000  size  1.574800  1.574800  orientation 0.00
drill  1.066800
shape_offset  0.000000  0.000000
$EndPAD
$PAD "A11"
Shape Circle Layer both
position -25.400000  0.000000  size  1.574800  1.574800  orientation 0.00
drill  1.066800
shape_offset  0.000000  0.000000
$EndPAD
$PAD "A10"
Shape Circle Layer both
position -22.860000  0.000000  size  1.574800  1.574800  orientation 0.00
drill  1.066800
shape_offset  0.000000  0.000000
$EndPAD
$PAD "A9"
Shape Circle Layer both
position -20.320000  0.000000  size  1.574800  1.574800  orientation 0.00
drill  1.066800
shape_offset  0.000000  0.000000
$EndPAD
$PAD "A8"
Shape Circle Layer both
position -17.780000  0.000000  size  1.574800  1.574800  orientation 0.00
drill  1.066800
shape_offset  0.000000  0.000000
$EndPAD
$PAD "A7"
Shape Circle Layer both
position -15.240000  0.000000  size  1.574800  1.574800  orientation 0.00
drill  1.066800
shape_offset  0.000000  0.000000
$EndPAD
$PAD "A6"
Shape Circle Layer both
position -12.700000  0.000000  size  1.574800  1.574800  orientation 0.00
drill  1.066800
shape_offset  0.000000  0.000000
$EndPAD
$PAD "A5"
Shape Circle Layer both
position -10.160000  0.000000  size  1.574800  1.574800  orientation 0.00
drill  1.066800
shape_offset  0.000000  0.000000
$EndPAD
$PAD "A4"
Shape Circle Layer both
position -7.620000  0.000000  size  1.574800  1.574800  orientation 0.00
drill  1.066800
shape_offset  0.000000  0.000000
$EndPAD
$PAD "A3"
Shape Circle Layer both
position -5.080000  0.000000  size  1.574800  1.574800  orientation 0.00
drill  1.066800
shape_offset  0.000000  0.000000
$EndPAD
$PAD "A2"
Shape Circle Layer both
position -2.540000  0.000000  size  1.574800  1.574800  orientation 0.00
drill  1.066800
shape_offset  0.000000  0.000000
$EndPAD
$PAD "A1"
Shape Circle Layer both
position  0.000000  0.000000  size  1.574800  1.574800  orientation 0.00
drill  1.066800
shape_offset  0.000000  0.000000
$EndPAD
$EndMODULE  J3

$EndDESCRIPTION
